<?xml version="1.0" encoding="UTF-8"?>
<robot generator="Robot 5.0 (Python 3.10.4 on darwin)" generated="20220421 20:27:21.943" rpa="false" schemaversion="3">
<suite id="s1" name="Product" source="/Users/rungdoppio/Documents/GitHub/training_ground_project/testcases/product.robot">
<test id="s1-t1" name="Testcase 04 - Verify that add to cart function are working correctly" line="5">
<kw name="Open doppio website" library="common">
<kw name="Open Browser" library="SeleniumLibrary">
<arg>${doppio_url}</arg>
<arg>${chrome_browser}</arg>
<doc>Opens a new browser instance to the optional ``url``.</doc>
<msg timestamp="20220421 20:27:22.039" level="INFO">Opening browser 'chrome' to base url 'http://125.26.15.143:13132/'.</msg>
<status status="PASS" starttime="20220421 20:27:22.039" endtime="20220421 20:27:30.726"/>
</kw>
<status status="PASS" starttime="20220421 20:27:22.039" endtime="20220421 20:27:30.726"/>
</kw>
<kw name="Submit login and should see homepage" library="login_feature">
<arg>oz4899</arg>
<arg>1234</arg>
<kw name="Input username" library="login_page">
<arg>${username}</arg>
<kw name="Input Text" library="SeleniumLibrary">
<arg>${username_locator}</arg>
<arg>${username}</arg>
<doc>Types the given ``text`` into the text field identified by ``locator``.</doc>
<msg timestamp="20220421 20:27:30.727" level="INFO">Typing text 'oz4899' into text field 'id=username'.</msg>
<status status="PASS" starttime="20220421 20:27:30.727" endtime="20220421 20:27:30.839"/>
</kw>
<status status="PASS" starttime="20220421 20:27:30.727" endtime="20220421 20:27:30.839"/>
</kw>
<kw name="Input password" library="login_page">
<arg>${password}</arg>
<kw name="Input Text" library="SeleniumLibrary">
<arg>${password_locator}</arg>
<arg>${password}</arg>
<doc>Types the given ``text`` into the text field identified by ``locator``.</doc>
<msg timestamp="20220421 20:27:30.839" level="INFO">Typing text '1234' into text field 'id=password'.</msg>
<status status="PASS" starttime="20220421 20:27:30.839" endtime="20220421 20:27:30.878"/>
</kw>
<status status="PASS" starttime="20220421 20:27:30.839" endtime="20220421 20:27:30.878"/>
</kw>
<kw name="Click login button" library="login_page">
<kw name="Click Button" library="SeleniumLibrary">
<arg>${login_button_locator}</arg>
<doc>Clicks the button identified by ``locator``.</doc>
<msg timestamp="20220421 20:27:30.879" level="INFO">Clicking button 'id=loginbtn'.</msg>
<status status="PASS" starttime="20220421 20:27:30.879" endtime="20220421 20:27:30.905"/>
</kw>
<status status="PASS" starttime="20220421 20:27:30.878" endtime="20220421 20:27:30.905"/>
</kw>
<kw name="User should be able to login and see home page" library="home_feature">
<kw name="Wait until homepage is visible" library="home_page">
<kw name="Wait Until Element Is Visible" library="SeleniumLibrary">
<arg>xpath=//label[contains(text(),'${title_header}')]</arg>
<doc>Waits until the element ``locator`` is visible.</doc>
<status status="PASS" starttime="20220421 20:27:30.906" endtime="20220421 20:27:31.127"/>
</kw>
<status status="PASS" starttime="20220421 20:27:30.906" endtime="20220421 20:27:31.127"/>
</kw>
<kw name="Locate on homepage" library="home_page">
<kw name="Location Should Be" library="SeleniumLibrary">
<arg>${homepage_url}</arg>
<doc>Verifies that the current URL is exactly ``url``.</doc>
<msg timestamp="20220421 20:27:31.129" level="INFO">Current location is 'http://125.26.15.143:13132/home.html'.</msg>
<status status="PASS" starttime="20220421 20:27:31.127" endtime="20220421 20:27:31.129"/>
</kw>
<status status="PASS" starttime="20220421 20:27:31.127" endtime="20220421 20:27:31.129"/>
</kw>
<kw name="Profile link is visible" library="home_page">
<kw name="Element Should Be Visible" library="SeleniumLibrary">
<arg>//a[@href='${profile_link}']</arg>
<doc>Verifies that the element identified by ``locator`` is visible.</doc>
<msg timestamp="20220421 20:27:31.139" level="INFO">Element '//a[@href='profile.html']' is displayed.</msg>
<status status="PASS" starttime="20220421 20:27:31.129" endtime="20220421 20:27:31.139"/>
</kw>
<status status="PASS" starttime="20220421 20:27:31.129" endtime="20220421 20:27:31.139"/>
</kw>
<status status="PASS" starttime="20220421 20:27:30.905" endtime="20220421 20:27:31.139"/>
</kw>
<status status="PASS" starttime="20220421 20:27:30.727" endtime="20220421 20:27:31.139"/>
</kw>
<kw name="Click on a product to view detail" library="home_page">
<arg>1</arg>
<kw name="Click Element" library="SeleniumLibrary">
<arg>xpath=(//span[@data-element='product-name'])[${product_no}]</arg>
<doc>Click the element identified by ``locator``.</doc>
<msg timestamp="20220421 20:27:31.139" level="INFO">Clicking element 'xpath=(//span[@data-element='product-name'])[1]'.</msg>
<status status="PASS" starttime="20220421 20:27:31.139" endtime="20220421 20:27:32.170"/>
</kw>
<status status="PASS" starttime="20220421 20:27:31.139" endtime="20220421 20:27:32.170"/>
</kw>
<kw name="Clear All cart" library="product_feature">
<kw name="Hover product cart" library="product_page">
<kw name="Mouse Over" library="SeleniumLibrary">
<arg>${cart_icon_locator}</arg>
<doc>Simulates hovering the mouse over the element ``locator``.</doc>
<msg timestamp="20220421 20:27:32.172" level="INFO">Simulating Mouse Over on element 'xpath=//div[contains(@class, 'is-hoverable')]/div/a/i[contains(@class, 'fa-shopping-cart')]'.</msg>
<status status="PASS" starttime="20220421 20:27:32.171" endtime="20220421 20:27:32.443"/>
</kw>
<status status="PASS" starttime="20220421 20:27:32.171" endtime="20220421 20:27:32.444"/>
</kw>
<kw name="Click clear all cart" library="product_page">
<kw name="Click Element" library="SeleniumLibrary">
<arg>${clear_all_cart}</arg>
<doc>Click the element identified by ``locator``.</doc>
<msg timestamp="20220421 20:27:32.445" level="INFO">Clicking element 'xpath=//button[text()='Clear All Cart']'.</msg>
<status status="PASS" starttime="20220421 20:27:32.445" endtime="20220421 20:27:32.482"/>
</kw>
<status status="PASS" starttime="20220421 20:27:32.444" endtime="20220421 20:27:32.482"/>
</kw>
<kw name="Mouse out of element" library="product_page">
<kw name="Mouse Out" library="SeleniumLibrary">
<arg>${clear_all_cart}</arg>
<doc>Simulates moving the mouse away from the element ``locator``.</doc>
<msg timestamp="20220421 20:27:32.483" level="INFO">Simulating Mouse Out on element 'xpath=//button[text()='Clear All Cart']'.</msg>
<status status="PASS" starttime="20220421 20:27:32.483" endtime="20220421 20:27:33.003"/>
</kw>
<status status="PASS" starttime="20220421 20:27:32.483" endtime="20220421 20:27:33.004"/>
</kw>
<status status="PASS" starttime="20220421 20:27:32.171" endtime="20220421 20:27:33.004"/>
</kw>
<kw name="Verify quantity when adding product in cart should be equal to plused quantity number" library="product_feature">
<arg>1</arg>
<arg>0</arg>
<arg>1</arg>
<kw name="Get Element Attribute" library="SeleniumLibrary">
<var>${expected_product_plus_value}</var>
<arg>${plus_value_input_locator}</arg>
<arg>value</arg>
<doc>Returns the value of ``attribute`` from the element ``locator``.</doc>
<msg timestamp="20220421 20:27:33.031" level="INFO">${expected_product_plus_value} = 1</msg>
<status status="PASS" starttime="20220421 20:27:33.005" endtime="20220421 20:27:33.031"/>
</kw>
<kw name="Check plus value input" library="product_page">
<arg>${plus_value_input}</arg>
<kw name="Element Attribute Value Should Be" library="SeleniumLibrary">
<arg>${plus_value_input_locator}</arg>
<arg>value</arg>
<arg>${expected_product_plus_value}</arg>
<doc>Verifies element identified by ``locator`` contains expected attribute value.</doc>
<msg timestamp="20220421 20:27:33.045" level="INFO">Element 'id=qty' attribute 'value' contains value '1'.</msg>
<status status="PASS" starttime="20220421 20:27:33.032" endtime="20220421 20:27:33.045"/>
</kw>
<status status="PASS" starttime="20220421 20:27:33.031" endtime="20220421 20:27:33.045"/>
</kw>
<kw name="Check quantity in cart" library="product_page">
<arg>${quantity_before_add_in_cart}</arg>
<kw name="Element Text Should Be" library="SeleniumLibrary">
<arg>${cart_count_locator}</arg>
<arg>${quantity_in_cart}</arg>
<doc>Verifies that element ``locator`` contains exact the text ``expected``.</doc>
<msg timestamp="20220421 20:27:33.046" level="INFO">Verifying element 'id=lblCartCount' contains exact text '0'.</msg>
<status status="PASS" starttime="20220421 20:27:33.046" endtime="20220421 20:27:33.061"/>
</kw>
<status status="PASS" starttime="20220421 20:27:33.045" endtime="20220421 20:27:33.061"/>
</kw>
<kw name="Click add to cart" library="product_page">
<arg>${click_add_to_cart_time}</arg>
<for flavor="IN RANGE">
<var>${index}</var>
<value>${time}</value>
<iter>
<var name="${index}">0</var>
<kw name="Click Element" library="SeleniumLibrary">
<arg>${add_to_cart_button_locator}</arg>
<doc>Click the element identified by ``locator``.</doc>
<msg timestamp="20220421 20:27:33.062" level="INFO">Clicking element 'xpath=//i[contains(@class,'fa-cart-plus') or contains(text(), 'Add To Cart')]'.</msg>
<status status="PASS" starttime="20220421 20:27:33.061" endtime="20220421 20:27:33.081"/>
</kw>
<status status="PASS" starttime="20220421 20:27:33.061" endtime="20220421 20:27:33.081"/>
</iter>
<status status="PASS" starttime="20220421 20:27:33.061" endtime="20220421 20:27:33.081"/>
</for>
<status status="PASS" starttime="20220421 20:27:33.061" endtime="20220421 20:27:33.082"/>
</kw>
<kw name="Cart should not contain previous quantity" library="product_page">
<arg>${quantity_before_add_in_cart}</arg>
<kw name="Wait Until Element Does Not Contain" library="SeleniumLibrary">
<arg>${cart_count_locator}</arg>
<arg>${previous_quantity}</arg>
<doc>Waits until the element ``locator`` does not contain ``text``.</doc>
<status status="PASS" starttime="20220421 20:27:33.082" endtime="20220421 20:27:33.312"/>
</kw>
<status status="PASS" starttime="20220421 20:27:33.082" endtime="20220421 20:27:33.312"/>
</kw>
<kw name="Quantity in cart should be equal to plused quantity number" library="product_page">
<arg>${expected_product_plus_value}</arg>
<kw name="Element Text Should Be" library="SeleniumLibrary">
<arg>${cart_count_locator}</arg>
<arg>${product_plus_value}</arg>
<doc>Verifies that element ``locator`` contains exact the text ``expected``.</doc>
<msg timestamp="20220421 20:27:33.313" level="INFO">Verifying element 'id=lblCartCount' contains exact text '1'.</msg>
<status status="PASS" starttime="20220421 20:27:33.313" endtime="20220421 20:27:33.324"/>
</kw>
<status status="PASS" starttime="20220421 20:27:33.312" endtime="20220421 20:27:33.324"/>
</kw>
<status status="PASS" starttime="20220421 20:27:33.005" endtime="20220421 20:27:33.324"/>
</kw>
<kw name="Click plus button" library="product_page">
<arg>4</arg>
<for flavor="IN RANGE">
<var>${index}</var>
<value>${quantity}</value>
<iter>
<var name="${index}">0</var>
<kw name="Click Button" library="SeleniumLibrary">
<arg>${plus_value_button_locator}</arg>
<doc>Clicks the button identified by ``locator``.</doc>
<msg timestamp="20220421 20:27:33.325" level="INFO">Clicking button '//button[text()='+']'.</msg>
<status status="PASS" starttime="20220421 20:27:33.325" endtime="20220421 20:27:33.359"/>
</kw>
<status status="PASS" starttime="20220421 20:27:33.325" endtime="20220421 20:27:33.359"/>
</iter>
<iter>
<var name="${index}">1</var>
<kw name="Click Button" library="SeleniumLibrary">
<arg>${plus_value_button_locator}</arg>
<doc>Clicks the button identified by ``locator``.</doc>
<msg timestamp="20220421 20:27:33.360" level="INFO">Clicking button '//button[text()='+']'.</msg>
<status status="PASS" starttime="20220421 20:27:33.359" endtime="20220421 20:27:33.377"/>
</kw>
<status status="PASS" starttime="20220421 20:27:33.359" endtime="20220421 20:27:33.377"/>
</iter>
<iter>
<var name="${index}">2</var>
<kw name="Click Button" library="SeleniumLibrary">
<arg>${plus_value_button_locator}</arg>
<doc>Clicks the button identified by ``locator``.</doc>
<msg timestamp="20220421 20:27:33.378" level="INFO">Clicking button '//button[text()='+']'.</msg>
<status status="PASS" starttime="20220421 20:27:33.377" endtime="20220421 20:27:33.394"/>
</kw>
<status status="PASS" starttime="20220421 20:27:33.377" endtime="20220421 20:27:33.394"/>
</iter>
<iter>
<var name="${index}">3</var>
<kw name="Click Button" library="SeleniumLibrary">
<arg>${plus_value_button_locator}</arg>
<doc>Clicks the button identified by ``locator``.</doc>
<msg timestamp="20220421 20:27:33.394" level="INFO">Clicking button '//button[text()='+']'.</msg>
<status status="PASS" starttime="20220421 20:27:33.394" endtime="20220421 20:27:33.408"/>
</kw>
<status status="PASS" starttime="20220421 20:27:33.394" endtime="20220421 20:27:33.408"/>
</iter>
<status status="PASS" starttime="20220421 20:27:33.325" endtime="20220421 20:27:33.408"/>
</for>
<status status="PASS" starttime="20220421 20:27:33.324" endtime="20220421 20:27:33.408"/>
</kw>
<kw name="Click add to cart" library="product_page">
<arg>1</arg>
<for flavor="IN RANGE">
<var>${index}</var>
<value>${time}</value>
<iter>
<var name="${index}">0</var>
<kw name="Click Element" library="SeleniumLibrary">
<arg>${add_to_cart_button_locator}</arg>
<doc>Click the element identified by ``locator``.</doc>
<msg timestamp="20220421 20:27:33.409" level="INFO">Clicking element 'xpath=//i[contains(@class,'fa-cart-plus') or contains(text(), 'Add To Cart')]'.</msg>
<status status="PASS" starttime="20220421 20:27:33.409" endtime="20220421 20:27:33.418"/>
</kw>
<status status="PASS" starttime="20220421 20:27:33.409" endtime="20220421 20:27:33.418"/>
</iter>
<status status="PASS" starttime="20220421 20:27:33.409" endtime="20220421 20:27:33.418"/>
</for>
<status status="PASS" starttime="20220421 20:27:33.408" endtime="20220421 20:27:33.419"/>
</kw>
<kw name="Cart should not contain previous quantity" library="product_page">
<arg>1</arg>
<kw name="Wait Until Element Does Not Contain" library="SeleniumLibrary">
<arg>${cart_count_locator}</arg>
<arg>${previous_quantity}</arg>
<doc>Waits until the element ``locator`` does not contain ``text``.</doc>
<status status="PASS" starttime="20220421 20:27:33.419" endtime="20220421 20:27:33.643"/>
</kw>
<status status="PASS" starttime="20220421 20:27:33.419" endtime="20220421 20:27:33.644"/>
</kw>
<kw name="Check quantity in cart" library="product_page">
<arg>6</arg>
<kw name="Element Text Should Be" library="SeleniumLibrary">
<arg>${cart_count_locator}</arg>
<arg>${quantity_in_cart}</arg>
<doc>Verifies that element ``locator`` contains exact the text ``expected``.</doc>
<msg timestamp="20220421 20:27:33.645" level="INFO">Verifying element 'id=lblCartCount' contains exact text '6'.</msg>
<status status="PASS" starttime="20220421 20:27:33.644" endtime="20220421 20:27:33.655"/>
</kw>
<status status="PASS" starttime="20220421 20:27:33.644" endtime="20220421 20:27:33.655"/>
</kw>
<kw name="Clear All cart" library="product_feature">
<kw name="Hover product cart" library="product_page">
<kw name="Mouse Over" library="SeleniumLibrary">
<arg>${cart_icon_locator}</arg>
<doc>Simulates hovering the mouse over the element ``locator``.</doc>
<msg timestamp="20220421 20:27:33.656" level="INFO">Simulating Mouse Over on element 'xpath=//div[contains(@class, 'is-hoverable')]/div/a/i[contains(@class, 'fa-shopping-cart')]'.</msg>
<status status="PASS" starttime="20220421 20:27:33.656" endtime="20220421 20:27:33.919"/>
</kw>
<status status="PASS" starttime="20220421 20:27:33.656" endtime="20220421 20:27:33.920"/>
</kw>
<kw name="Click clear all cart" library="product_page">
<kw name="Click Element" library="SeleniumLibrary">
<arg>${clear_all_cart}</arg>
<doc>Click the element identified by ``locator``.</doc>
<msg timestamp="20220421 20:27:33.922" level="INFO">Clicking element 'xpath=//button[text()='Clear All Cart']'.</msg>
<status status="PASS" starttime="20220421 20:27:33.921" endtime="20220421 20:27:33.949"/>
</kw>
<status status="PASS" starttime="20220421 20:27:33.921" endtime="20220421 20:27:33.949"/>
</kw>
<kw name="Mouse out of element" library="product_page">
<kw name="Mouse Out" library="SeleniumLibrary">
<arg>${clear_all_cart}</arg>
<doc>Simulates moving the mouse away from the element ``locator``.</doc>
<msg timestamp="20220421 20:27:33.950" level="INFO">Simulating Mouse Out on element 'xpath=//button[text()='Clear All Cart']'.</msg>
<status status="PASS" starttime="20220421 20:27:33.950" endtime="20220421 20:27:34.479"/>
</kw>
<status status="PASS" starttime="20220421 20:27:33.949" endtime="20220421 20:27:34.479"/>
</kw>
<status status="PASS" starttime="20220421 20:27:33.656" endtime="20220421 20:27:34.479"/>
</kw>
<kw name="Check quantity in cart" library="product_page">
<arg>0</arg>
<kw name="Element Text Should Be" library="SeleniumLibrary">
<arg>${cart_count_locator}</arg>
<arg>${quantity_in_cart}</arg>
<doc>Verifies that element ``locator`` contains exact the text ``expected``.</doc>
<msg timestamp="20220421 20:27:34.481" level="INFO">Verifying element 'id=lblCartCount' contains exact text '0'.</msg>
<status status="PASS" starttime="20220421 20:27:34.480" endtime="20220421 20:27:34.495"/>
</kw>
<status status="PASS" starttime="20220421 20:27:34.480" endtime="20220421 20:27:34.496"/>
</kw>
<status status="PASS" starttime="20220421 20:27:22.039" endtime="20220421 20:27:34.496"/>
</test>
<status status="PASS" starttime="20220421 20:27:21.944" endtime="20220421 20:27:34.497"/>
</suite>
<statistics>
<total>
<stat pass="1" fail="0" skip="0">All Tests</stat>
</total>
<tag>
</tag>
<suite>
<stat pass="1" fail="0" skip="0" id="s1" name="Product">Product</stat>
</suite>
</statistics>
<errors>
</errors>
</robot>
