<?xml version="1.0" encoding="UTF-8"?>
<robot generator="Robot 5.0 (Python 3.10.4 on darwin)" generated="20220421 12:16:04.564" rpa="false" schemaversion="3">
<suite id="s1" name="Testcases" source="/Users/rungdoppio/Desktop/assignment_training/web_assignment_training_ground/testcases">
<suite id="s1-s1" name="Login" source="/Users/rungdoppio/Desktop/assignment_training/web_assignment_training_ground/testcases/login.robot">
<test id="s1-s1-t1" name="Testcase 01 - Verify that user cannot login with wrong username" line="5">
<kw name="Open doppio website" library="common">
<kw name="Open Browser" library="SeleniumLibrary">
<arg>${doppio_url}</arg>
<arg>${chrome_browser}</arg>
<doc>Opens a new browser instance to the optional ``url``.</doc>
<msg timestamp="20220421 12:16:04.662" level="INFO">Opening browser 'chrome' to base url 'http://125.26.15.143:13132/'.</msg>
<status status="PASS" starttime="20220421 12:16:04.662" endtime="20220421 12:16:09.346"/>
</kw>
<status status="PASS" starttime="20220421 12:16:04.661" endtime="20220421 12:16:09.346"/>
</kw>
<kw name="Submit login" library="login_feature">
<arg>helloworld</arg>
<arg>1234</arg>
<kw name="Input username" library="login_page">
<arg>${username}</arg>
<kw name="Input Text" library="SeleniumLibrary">
<arg>${username_locator}</arg>
<arg>${username}</arg>
<doc>Types the given ``text`` into the text field identified by ``locator``.</doc>
<msg timestamp="20220421 12:16:09.347" level="INFO">Typing text 'helloworld' into text field 'id=username'.</msg>
<status status="PASS" starttime="20220421 12:16:09.347" endtime="20220421 12:16:09.424"/>
</kw>
<status status="PASS" starttime="20220421 12:16:09.346" endtime="20220421 12:16:09.425"/>
</kw>
<kw name="Input password" library="login_page">
<arg>${password}</arg>
<kw name="Input Text" library="SeleniumLibrary">
<arg>${password_locator}</arg>
<arg>${password}</arg>
<doc>Types the given ``text`` into the text field identified by ``locator``.</doc>
<msg timestamp="20220421 12:16:09.425" level="INFO">Typing text '1234' into text field 'id=password'.</msg>
<status status="PASS" starttime="20220421 12:16:09.425" endtime="20220421 12:16:09.463"/>
</kw>
<status status="PASS" starttime="20220421 12:16:09.425" endtime="20220421 12:16:09.463"/>
</kw>
<kw name="Click login button" library="login_page">
<kw name="Click Button" library="SeleniumLibrary">
<arg>${login_button_locator}</arg>
<doc>Clicks the button identified by ``locator``.</doc>
<msg timestamp="20220421 12:16:09.463" level="INFO">Clicking button 'id=loginbtn'.</msg>
<status status="PASS" starttime="20220421 12:16:09.463" endtime="20220421 12:16:09.487"/>
</kw>
<status status="PASS" starttime="20220421 12:16:09.463" endtime="20220421 12:16:09.487"/>
</kw>
<status status="PASS" starttime="20220421 12:16:09.346" endtime="20220421 12:16:09.487"/>
</kw>
<kw name="Alert should be displayed with message" library="login_page">
<arg>login failed</arg>
<kw name="Alert Should Be Present" library="SeleniumLibrary">
<arg>${alert_message}</arg>
<doc>Verifies that an alert is present and by default, accepts it.</doc>
<msg timestamp="20220421 12:16:09.487" level="INFO">HANDLE::&lt;class 'NoneType'&gt;::None</msg>
<status status="PASS" starttime="20220421 12:16:09.487" endtime="20220421 12:16:09.998"/>
</kw>
<status status="PASS" starttime="20220421 12:16:09.487" endtime="20220421 12:16:09.998"/>
</kw>
<status status="PASS" starttime="20220421 12:16:04.661" endtime="20220421 12:16:09.998"/>
</test>
<test id="s1-s1-t2" name="Testcase 02 - Verify that user can login to the system when username are correct" line="10">
<kw name="Open doppio website" library="common">
<kw name="Open Browser" library="SeleniumLibrary">
<arg>${doppio_url}</arg>
<arg>${chrome_browser}</arg>
<doc>Opens a new browser instance to the optional ``url``.</doc>
<msg timestamp="20220421 12:16:10.001" level="INFO">Opening browser 'chrome' to base url 'http://125.26.15.143:13132/'.</msg>
<status status="PASS" starttime="20220421 12:16:10.001" endtime="20220421 12:16:14.616"/>
</kw>
<status status="PASS" starttime="20220421 12:16:10.000" endtime="20220421 12:16:14.616"/>
</kw>
<kw name="Submit login and should see homepage" library="login_feature">
<arg>oz4899</arg>
<arg>1234</arg>
<kw name="Input username" library="login_page">
<arg>${username}</arg>
<kw name="Input Text" library="SeleniumLibrary">
<arg>${username_locator}</arg>
<arg>${username}</arg>
<doc>Types the given ``text`` into the text field identified by ``locator``.</doc>
<msg timestamp="20220421 12:16:14.617" level="INFO">Typing text 'oz4899' into text field 'id=username'.</msg>
<status status="PASS" starttime="20220421 12:16:14.617" endtime="20220421 12:16:14.675"/>
</kw>
<status status="PASS" starttime="20220421 12:16:14.617" endtime="20220421 12:16:14.675"/>
</kw>
<kw name="Input password" library="login_page">
<arg>${password}</arg>
<kw name="Input Text" library="SeleniumLibrary">
<arg>${password_locator}</arg>
<arg>${password}</arg>
<doc>Types the given ``text`` into the text field identified by ``locator``.</doc>
<msg timestamp="20220421 12:16:14.676" level="INFO">Typing text '1234' into text field 'id=password'.</msg>
<status status="PASS" starttime="20220421 12:16:14.676" endtime="20220421 12:16:14.719"/>
</kw>
<status status="PASS" starttime="20220421 12:16:14.675" endtime="20220421 12:16:14.719"/>
</kw>
<kw name="Click login button" library="login_page">
<kw name="Click Button" library="SeleniumLibrary">
<arg>${login_button_locator}</arg>
<doc>Clicks the button identified by ``locator``.</doc>
<msg timestamp="20220421 12:16:14.719" level="INFO">Clicking button 'id=loginbtn'.</msg>
<status status="PASS" starttime="20220421 12:16:14.719" endtime="20220421 12:16:14.761"/>
</kw>
<status status="PASS" starttime="20220421 12:16:14.719" endtime="20220421 12:16:14.761"/>
</kw>
<kw name="User should be able to login and see home page" library="home_feature">
<kw name="Wait until homepage is visible" library="home_page">
<kw name="Wait Until Element Is Visible" library="SeleniumLibrary">
<arg>xpath=//label[contains(text(),'${title_header}')]</arg>
<doc>Waits until the element ``locator`` is visible.</doc>
<status status="PASS" starttime="20220421 12:16:14.761" endtime="20220421 12:16:14.988"/>
</kw>
<status status="PASS" starttime="20220421 12:16:14.761" endtime="20220421 12:16:14.988"/>
</kw>
<kw name="Locate on homepage" library="home_page">
<kw name="Location Should Be" library="SeleniumLibrary">
<arg>${homepage_url}</arg>
<doc>Verifies that the current URL is exactly ``url``.</doc>
<msg timestamp="20220421 12:16:14.990" level="INFO">Current location is 'http://125.26.15.143:13132/home.html'.</msg>
<status status="PASS" starttime="20220421 12:16:14.988" endtime="20220421 12:16:14.990"/>
</kw>
<status status="PASS" starttime="20220421 12:16:14.988" endtime="20220421 12:16:14.990"/>
</kw>
<kw name="Profile link is visible" library="home_page">
<kw name="Element Should Be Visible" library="SeleniumLibrary">
<arg>//a[@href='${profile_link}']</arg>
<doc>Verifies that the element identified by ``locator`` is visible.</doc>
<msg timestamp="20220421 12:16:15.002" level="INFO">Element '//a[@href='profile.html']' is displayed.</msg>
<status status="PASS" starttime="20220421 12:16:14.991" endtime="20220421 12:16:15.002"/>
</kw>
<status status="PASS" starttime="20220421 12:16:14.990" endtime="20220421 12:16:15.003"/>
</kw>
<status status="PASS" starttime="20220421 12:16:14.761" endtime="20220421 12:16:15.003"/>
</kw>
<status status="PASS" starttime="20220421 12:16:14.616" endtime="20220421 12:16:15.003"/>
</kw>
<status status="PASS" starttime="20220421 12:16:09.999" endtime="20220421 12:16:15.003"/>
</test>
<status status="PASS" starttime="20220421 12:16:04.573" endtime="20220421 12:16:15.003"/>
</suite>
<suite id="s1-s2" name="Product" source="/Users/rungdoppio/Desktop/assignment_training/web_assignment_training_ground/testcases/product.robot">
<test id="s1-s2-t1" name="Testcase 04 - Verify that add to cart function are working correctly" line="5">
<kw name="Open doppio website" library="common">
<kw name="Open Browser" library="SeleniumLibrary">
<arg>${doppio_url}</arg>
<arg>${chrome_browser}</arg>
<doc>Opens a new browser instance to the optional ``url``.</doc>
<msg timestamp="20220421 12:16:15.007" level="INFO">Opening browser 'chrome' to base url 'http://125.26.15.143:13132/'.</msg>
<status status="PASS" starttime="20220421 12:16:15.007" endtime="20220421 12:16:19.878"/>
</kw>
<status status="PASS" starttime="20220421 12:16:15.007" endtime="20220421 12:16:19.878"/>
</kw>
<kw name="Submit login and should see homepage" library="login_feature">
<arg>oz4899</arg>
<arg>1234</arg>
<kw name="Input username" library="login_page">
<arg>${username}</arg>
<kw name="Input Text" library="SeleniumLibrary">
<arg>${username_locator}</arg>
<arg>${username}</arg>
<doc>Types the given ``text`` into the text field identified by ``locator``.</doc>
<msg timestamp="20220421 12:16:19.880" level="INFO">Typing text 'oz4899' into text field 'id=username'.</msg>
<status status="PASS" starttime="20220421 12:16:19.879" endtime="20220421 12:16:19.957"/>
</kw>
<status status="PASS" starttime="20220421 12:16:19.879" endtime="20220421 12:16:19.957"/>
</kw>
<kw name="Input password" library="login_page">
<arg>${password}</arg>
<kw name="Input Text" library="SeleniumLibrary">
<arg>${password_locator}</arg>
<arg>${password}</arg>
<doc>Types the given ``text`` into the text field identified by ``locator``.</doc>
<msg timestamp="20220421 12:16:19.958" level="INFO">Typing text '1234' into text field 'id=password'.</msg>
<status status="PASS" starttime="20220421 12:16:19.958" endtime="20220421 12:16:19.994"/>
</kw>
<status status="PASS" starttime="20220421 12:16:19.957" endtime="20220421 12:16:19.994"/>
</kw>
<kw name="Click login button" library="login_page">
<kw name="Click Button" library="SeleniumLibrary">
<arg>${login_button_locator}</arg>
<doc>Clicks the button identified by ``locator``.</doc>
<msg timestamp="20220421 12:16:19.997" level="INFO">Clicking button 'id=loginbtn'.</msg>
<status status="PASS" starttime="20220421 12:16:19.997" endtime="20220421 12:16:20.021"/>
</kw>
<status status="PASS" starttime="20220421 12:16:19.994" endtime="20220421 12:16:20.021"/>
</kw>
<kw name="User should be able to login and see home page" library="home_feature">
<kw name="Wait until homepage is visible" library="home_page">
<kw name="Wait Until Element Is Visible" library="SeleniumLibrary">
<arg>xpath=//label[contains(text(),'${title_header}')]</arg>
<doc>Waits until the element ``locator`` is visible.</doc>
<status status="PASS" starttime="20220421 12:16:20.021" endtime="20220421 12:16:20.263"/>
</kw>
<status status="PASS" starttime="20220421 12:16:20.021" endtime="20220421 12:16:20.263"/>
</kw>
<kw name="Locate on homepage" library="home_page">
<kw name="Location Should Be" library="SeleniumLibrary">
<arg>${homepage_url}</arg>
<doc>Verifies that the current URL is exactly ``url``.</doc>
<msg timestamp="20220421 12:16:20.265" level="INFO">Current location is 'http://125.26.15.143:13132/home.html'.</msg>
<status status="PASS" starttime="20220421 12:16:20.263" endtime="20220421 12:16:20.265"/>
</kw>
<status status="PASS" starttime="20220421 12:16:20.263" endtime="20220421 12:16:20.265"/>
</kw>
<kw name="Profile link is visible" library="home_page">
<kw name="Element Should Be Visible" library="SeleniumLibrary">
<arg>//a[@href='${profile_link}']</arg>
<doc>Verifies that the element identified by ``locator`` is visible.</doc>
<msg timestamp="20220421 12:16:20.276" level="INFO">Element '//a[@href='profile.html']' is displayed.</msg>
<status status="PASS" starttime="20220421 12:16:20.266" endtime="20220421 12:16:20.276"/>
</kw>
<status status="PASS" starttime="20220421 12:16:20.265" endtime="20220421 12:16:20.276"/>
</kw>
<status status="PASS" starttime="20220421 12:16:20.021" endtime="20220421 12:16:20.276"/>
</kw>
<status status="PASS" starttime="20220421 12:16:19.879" endtime="20220421 12:16:20.276"/>
</kw>
<kw name="Click on a product to view detail" library="home_page">
<arg>1</arg>
<kw name="Click Element" library="SeleniumLibrary">
<arg>xpath=(//span[@data-element='product-name'])[${product_no}]</arg>
<doc>Click the element identified by ``locator``.</doc>
<msg timestamp="20220421 12:16:20.277" level="INFO">Clicking element 'xpath=(//span[@data-element='product-name'])[1]'.</msg>
<status status="PASS" starttime="20220421 12:16:20.277" endtime="20220421 12:16:21.136"/>
</kw>
<status status="PASS" starttime="20220421 12:16:20.277" endtime="20220421 12:16:21.137"/>
</kw>
<kw name="Verify quantity when adding product in cart should be equal to plused quantity number" library="product_feature">
<arg>1</arg>
<arg>0</arg>
<arg>1</arg>
<kw name="Get Element Attribute" library="SeleniumLibrary">
<var>${expected_product_plus_value}</var>
<arg>${plus_value_input_locator}</arg>
<arg>value</arg>
<doc>Returns the value of ``attribute`` from the element ``locator``.</doc>
<msg timestamp="20220421 12:16:21.162" level="INFO">${expected_product_plus_value} = 1</msg>
<status status="PASS" starttime="20220421 12:16:21.138" endtime="20220421 12:16:21.162"/>
</kw>
<kw name="Check plus value input" library="product_page">
<arg>${plus_value_input}</arg>
<kw name="Element Attribute Value Should Be" library="SeleniumLibrary">
<arg>${plus_value_input_locator}</arg>
<arg>value</arg>
<arg>${expected_product_plus_value}</arg>
<doc>Verifies element identified by ``locator`` contains expected attribute value.</doc>
<msg timestamp="20220421 12:16:21.175" level="INFO">Element 'id=qty' attribute 'value' contains value '1'.</msg>
<status status="PASS" starttime="20220421 12:16:21.162" endtime="20220421 12:16:21.175"/>
</kw>
<status status="PASS" starttime="20220421 12:16:21.162" endtime="20220421 12:16:21.175"/>
</kw>
<kw name="Check quantity in cart" library="product_page">
<arg>${quantity_before_add_in_cart}</arg>
<kw name="Element Text Should Be" library="SeleniumLibrary">
<arg>${cart_count_locator}</arg>
<arg>${quantity_in_cart}</arg>
<doc>Verifies that element ``locator`` contains exact the text ``expected``.</doc>
<msg timestamp="20220421 12:16:21.176" level="INFO">Verifying element 'id=lblCartCount' contains exact text '0'.</msg>
<status status="PASS" starttime="20220421 12:16:21.176" endtime="20220421 12:16:21.193"/>
</kw>
<status status="PASS" starttime="20220421 12:16:21.175" endtime="20220421 12:16:21.193"/>
</kw>
<kw name="Click add to cart" library="product_page">
<arg>${click_add_to_cart_time}</arg>
<for flavor="IN RANGE">
<var>${index}</var>
<value>${time}</value>
<iter>
<var name="${index}">0</var>
<kw name="Click Element" library="SeleniumLibrary">
<arg>${add_to_cart_button_locator}</arg>
<doc>Click the element identified by ``locator``.</doc>
<msg timestamp="20220421 12:16:21.194" level="INFO">Clicking element 'xpath=//i[contains(@class,'fa-cart-plus') or contains(text(), 'Add To Cart')]'.</msg>
<status status="PASS" starttime="20220421 12:16:21.194" endtime="20220421 12:16:21.218"/>
</kw>
<status status="PASS" starttime="20220421 12:16:21.194" endtime="20220421 12:16:21.218"/>
</iter>
<status status="PASS" starttime="20220421 12:16:21.194" endtime="20220421 12:16:21.218"/>
</for>
<status status="PASS" starttime="20220421 12:16:21.193" endtime="20220421 12:16:21.218"/>
</kw>
<kw name="Cart should not contain previous quantity" library="product_page">
<arg>${quantity_before_add_in_cart}</arg>
<kw name="Wait Until Element Does Not Contain" library="SeleniumLibrary">
<arg>${cart_count_locator}</arg>
<arg>${previous_quantity}</arg>
<doc>Waits until the element ``locator`` does not contain ``text``.</doc>
<status status="PASS" starttime="20220421 12:16:21.219" endtime="20220421 12:16:21.443"/>
</kw>
<status status="PASS" starttime="20220421 12:16:21.218" endtime="20220421 12:16:21.444"/>
</kw>
<kw name="Quantity in cart should be equal to plused quantity number" library="product_page">
<arg>${expected_product_plus_value}</arg>
<kw name="Element Text Should Be" library="SeleniumLibrary">
<arg>${cart_count_locator}</arg>
<arg>${product_plus_value}</arg>
<doc>Verifies that element ``locator`` contains exact the text ``expected``.</doc>
<msg timestamp="20220421 12:16:21.445" level="INFO">Verifying element 'id=lblCartCount' contains exact text '1'.</msg>
<status status="PASS" starttime="20220421 12:16:21.444" endtime="20220421 12:16:21.454"/>
</kw>
<status status="PASS" starttime="20220421 12:16:21.444" endtime="20220421 12:16:21.455"/>
</kw>
<status status="PASS" starttime="20220421 12:16:21.137" endtime="20220421 12:16:21.455"/>
</kw>
<kw name="Click plus button" library="product_page">
<arg>4</arg>
<for flavor="IN RANGE">
<var>${index}</var>
<value>${quantity}</value>
<iter>
<var name="${index}">0</var>
<kw name="Click Button" library="SeleniumLibrary">
<arg>${plus_value_button_locator}</arg>
<doc>Clicks the button identified by ``locator``.</doc>
<msg timestamp="20220421 12:16:21.456" level="INFO">Clicking button '//button[text()='+']'.</msg>
<status status="PASS" starttime="20220421 12:16:21.456" endtime="20220421 12:16:21.489"/>
</kw>
<status status="PASS" starttime="20220421 12:16:21.456" endtime="20220421 12:16:21.489"/>
</iter>
<iter>
<var name="${index}">1</var>
<kw name="Click Button" library="SeleniumLibrary">
<arg>${plus_value_button_locator}</arg>
<doc>Clicks the button identified by ``locator``.</doc>
<msg timestamp="20220421 12:16:21.489" level="INFO">Clicking button '//button[text()='+']'.</msg>
<status status="PASS" starttime="20220421 12:16:21.489" endtime="20220421 12:16:21.507"/>
</kw>
<status status="PASS" starttime="20220421 12:16:21.489" endtime="20220421 12:16:21.507"/>
</iter>
<iter>
<var name="${index}">2</var>
<kw name="Click Button" library="SeleniumLibrary">
<arg>${plus_value_button_locator}</arg>
<doc>Clicks the button identified by ``locator``.</doc>
<msg timestamp="20220421 12:16:21.508" level="INFO">Clicking button '//button[text()='+']'.</msg>
<status status="PASS" starttime="20220421 12:16:21.507" endtime="20220421 12:16:21.524"/>
</kw>
<status status="PASS" starttime="20220421 12:16:21.507" endtime="20220421 12:16:21.524"/>
</iter>
<iter>
<var name="${index}">3</var>
<kw name="Click Button" library="SeleniumLibrary">
<arg>${plus_value_button_locator}</arg>
<doc>Clicks the button identified by ``locator``.</doc>
<msg timestamp="20220421 12:16:21.524" level="INFO">Clicking button '//button[text()='+']'.</msg>
<status status="PASS" starttime="20220421 12:16:21.524" endtime="20220421 12:16:21.540"/>
</kw>
<status status="PASS" starttime="20220421 12:16:21.524" endtime="20220421 12:16:21.540"/>
</iter>
<status status="PASS" starttime="20220421 12:16:21.455" endtime="20220421 12:16:21.540"/>
</for>
<status status="PASS" starttime="20220421 12:16:21.455" endtime="20220421 12:16:21.540"/>
</kw>
<kw name="Click add to cart" library="product_page">
<arg>1</arg>
<for flavor="IN RANGE">
<var>${index}</var>
<value>${time}</value>
<iter>
<var name="${index}">0</var>
<kw name="Click Element" library="SeleniumLibrary">
<arg>${add_to_cart_button_locator}</arg>
<doc>Click the element identified by ``locator``.</doc>
<msg timestamp="20220421 12:16:21.541" level="INFO">Clicking element 'xpath=//i[contains(@class,'fa-cart-plus') or contains(text(), 'Add To Cart')]'.</msg>
<status status="PASS" starttime="20220421 12:16:21.541" endtime="20220421 12:16:21.551"/>
</kw>
<status status="PASS" starttime="20220421 12:16:21.540" endtime="20220421 12:16:21.551"/>
</iter>
<status status="PASS" starttime="20220421 12:16:21.540" endtime="20220421 12:16:21.551"/>
</for>
<status status="PASS" starttime="20220421 12:16:21.540" endtime="20220421 12:16:21.551"/>
</kw>
<kw name="Cart should not contain previous quantity" library="product_page">
<arg>1</arg>
<kw name="Wait Until Element Does Not Contain" library="SeleniumLibrary">
<arg>${cart_count_locator}</arg>
<arg>${previous_quantity}</arg>
<doc>Waits until the element ``locator`` does not contain ``text``.</doc>
<status status="PASS" starttime="20220421 12:16:21.552" endtime="20220421 12:16:21.776"/>
</kw>
<status status="PASS" starttime="20220421 12:16:21.552" endtime="20220421 12:16:21.776"/>
</kw>
<kw name="Check quantity in cart" library="product_page">
<arg>6</arg>
<kw name="Element Text Should Be" library="SeleniumLibrary">
<arg>${cart_count_locator}</arg>
<arg>${quantity_in_cart}</arg>
<doc>Verifies that element ``locator`` contains exact the text ``expected``.</doc>
<msg timestamp="20220421 12:16:21.777" level="INFO">Verifying element 'id=lblCartCount' contains exact text '6'.</msg>
<status status="PASS" starttime="20220421 12:16:21.777" endtime="20220421 12:16:21.786"/>
</kw>
<status status="PASS" starttime="20220421 12:16:21.776" endtime="20220421 12:16:21.786"/>
</kw>
<kw name="Clear All cart" library="product_feature">
<kw name="Hover product cart" library="product_page">
<kw name="Mouse Over" library="SeleniumLibrary">
<arg>${cart_icon_locator}</arg>
<doc>Simulates hovering the mouse over the element ``locator``.</doc>
<msg timestamp="20220421 12:16:21.788" level="INFO">Simulating Mouse Over on element 'xpath=//div[contains(@class, 'is-hoverable')]/div/a/i[contains(@class, 'fa-shopping-cart')]'.</msg>
<status status="PASS" starttime="20220421 12:16:21.787" endtime="20220421 12:16:22.058"/>
</kw>
<status status="PASS" starttime="20220421 12:16:21.787" endtime="20220421 12:16:22.059"/>
</kw>
<kw name="Click clear all cart" library="product_page">
<kw name="Click Element" library="SeleniumLibrary">
<arg>${clear_all_cart}</arg>
<doc>Click the element identified by ``locator``.</doc>
<msg timestamp="20220421 12:16:22.060" level="INFO">Clicking element 'xpath=//button[text()='Clear All Cart']'.</msg>
<status status="PASS" starttime="20220421 12:16:22.060" endtime="20220421 12:16:22.098"/>
</kw>
<status status="PASS" starttime="20220421 12:16:22.059" endtime="20220421 12:16:22.098"/>
</kw>
<kw name="Mouse out of element" library="product_page">
<kw name="Mouse Out" library="SeleniumLibrary">
<arg>${clear_all_cart}</arg>
<doc>Simulates moving the mouse away from the element ``locator``.</doc>
<msg timestamp="20220421 12:16:22.098" level="INFO">Simulating Mouse Out on element 'xpath=//button[text()='Clear All Cart']'.</msg>
<status status="PASS" starttime="20220421 12:16:22.098" endtime="20220421 12:16:22.618"/>
</kw>
<status status="PASS" starttime="20220421 12:16:22.098" endtime="20220421 12:16:22.618"/>
</kw>
<status status="PASS" starttime="20220421 12:16:21.787" endtime="20220421 12:16:22.619"/>
</kw>
<kw name="Check quantity in cart" library="product_page">
<arg>0</arg>
<kw name="Element Text Should Be" library="SeleniumLibrary">
<arg>${cart_count_locator}</arg>
<arg>${quantity_in_cart}</arg>
<doc>Verifies that element ``locator`` contains exact the text ``expected``.</doc>
<msg timestamp="20220421 12:16:22.621" level="INFO">Verifying element 'id=lblCartCount' contains exact text '0'.</msg>
<status status="PASS" starttime="20220421 12:16:22.620" endtime="20220421 12:16:22.635"/>
</kw>
<status status="PASS" starttime="20220421 12:16:22.619" endtime="20220421 12:16:22.635"/>
</kw>
<status status="PASS" starttime="20220421 12:16:15.006" endtime="20220421 12:16:22.636"/>
</test>
<status status="PASS" starttime="20220421 12:16:15.004" endtime="20220421 12:16:22.636"/>
</suite>
<suite id="s1-s3" name="Search" source="/Users/rungdoppio/Desktop/assignment_training/web_assignment_training_ground/testcases/search.robot">
<test id="s1-s3-t1" name="Testcase 03 - Verify that search function are working correctly" line="5">
<kw name="Open doppio website" library="common">
<kw name="Open Browser" library="SeleniumLibrary">
<arg>${doppio_url}</arg>
<arg>${chrome_browser}</arg>
<doc>Opens a new browser instance to the optional ``url``.</doc>
<msg timestamp="20220421 12:16:22.644" level="INFO">Opening browser 'chrome' to base url 'http://125.26.15.143:13132/'.</msg>
<status status="PASS" starttime="20220421 12:16:22.644" endtime="20220421 12:16:27.238"/>
</kw>
<status status="PASS" starttime="20220421 12:16:22.643" endtime="20220421 12:16:27.238"/>
</kw>
<kw name="Submit login and should see homepage" library="login_feature">
<arg>oz4899</arg>
<arg>1234</arg>
<kw name="Input username" library="login_page">
<arg>${username}</arg>
<kw name="Input Text" library="SeleniumLibrary">
<arg>${username_locator}</arg>
<arg>${username}</arg>
<doc>Types the given ``text`` into the text field identified by ``locator``.</doc>
<msg timestamp="20220421 12:16:27.240" level="INFO">Typing text 'oz4899' into text field 'id=username'.</msg>
<status status="PASS" starttime="20220421 12:16:27.240" endtime="20220421 12:16:27.307"/>
</kw>
<status status="PASS" starttime="20220421 12:16:27.239" endtime="20220421 12:16:27.308"/>
</kw>
<kw name="Input password" library="login_page">
<arg>${password}</arg>
<kw name="Input Text" library="SeleniumLibrary">
<arg>${password_locator}</arg>
<arg>${password}</arg>
<doc>Types the given ``text`` into the text field identified by ``locator``.</doc>
<msg timestamp="20220421 12:16:27.309" level="INFO">Typing text '1234' into text field 'id=password'.</msg>
<status status="PASS" starttime="20220421 12:16:27.308" endtime="20220421 12:16:27.353"/>
</kw>
<status status="PASS" starttime="20220421 12:16:27.308" endtime="20220421 12:16:27.353"/>
</kw>
<kw name="Click login button" library="login_page">
<kw name="Click Button" library="SeleniumLibrary">
<arg>${login_button_locator}</arg>
<doc>Clicks the button identified by ``locator``.</doc>
<msg timestamp="20220421 12:16:27.353" level="INFO">Clicking button 'id=loginbtn'.</msg>
<status status="PASS" starttime="20220421 12:16:27.353" endtime="20220421 12:16:27.396"/>
</kw>
<status status="PASS" starttime="20220421 12:16:27.353" endtime="20220421 12:16:27.396"/>
</kw>
<kw name="User should be able to login and see home page" library="home_feature">
<kw name="Wait until homepage is visible" library="home_page">
<kw name="Wait Until Element Is Visible" library="SeleniumLibrary">
<arg>xpath=//label[contains(text(),'${title_header}')]</arg>
<doc>Waits until the element ``locator`` is visible.</doc>
<status status="PASS" starttime="20220421 12:16:27.396" endtime="20220421 12:16:27.672"/>
</kw>
<status status="PASS" starttime="20220421 12:16:27.396" endtime="20220421 12:16:27.672"/>
</kw>
<kw name="Locate on homepage" library="home_page">
<kw name="Location Should Be" library="SeleniumLibrary">
<arg>${homepage_url}</arg>
<doc>Verifies that the current URL is exactly ``url``.</doc>
<msg timestamp="20220421 12:16:27.675" level="INFO">Current location is 'http://125.26.15.143:13132/home.html'.</msg>
<status status="PASS" starttime="20220421 12:16:27.673" endtime="20220421 12:16:27.675"/>
</kw>
<status status="PASS" starttime="20220421 12:16:27.673" endtime="20220421 12:16:27.675"/>
</kw>
<kw name="Profile link is visible" library="home_page">
<kw name="Element Should Be Visible" library="SeleniumLibrary">
<arg>//a[@href='${profile_link}']</arg>
<doc>Verifies that the element identified by ``locator`` is visible.</doc>
<msg timestamp="20220421 12:16:27.684" level="INFO">Element '//a[@href='profile.html']' is displayed.</msg>
<status status="PASS" starttime="20220421 12:16:27.675" endtime="20220421 12:16:27.684"/>
</kw>
<status status="PASS" starttime="20220421 12:16:27.675" endtime="20220421 12:16:27.684"/>
</kw>
<status status="PASS" starttime="20220421 12:16:27.396" endtime="20220421 12:16:27.684"/>
</kw>
<status status="PASS" starttime="20220421 12:16:27.238" endtime="20220421 12:16:27.685"/>
</kw>
<kw name="Search for a keyword" library="search_feature">
<arg>abcd</arg>
<kw name="Input search keyword" library="search_page">
<arg>${search_keyword}</arg>
<kw name="Input Text" library="SeleniumLibrary">
<arg>${search_input_locator}</arg>
<arg>${search_keyword}</arg>
<doc>Types the given ``text`` into the text field identified by ``locator``.</doc>
<msg timestamp="20220421 12:16:27.685" level="INFO">Typing text 'abcd' into text field 'id=keyword'.</msg>
<status status="PASS" starttime="20220421 12:16:27.685" endtime="20220421 12:16:27.719"/>
</kw>
<status status="PASS" starttime="20220421 12:16:27.685" endtime="20220421 12:16:27.719"/>
</kw>
<kw name="Click search button" library="search_page">
<kw name="Click Button" library="SeleniumLibrary">
<arg>${search_button_locator}</arg>
<doc>Clicks the button identified by ``locator``.</doc>
<msg timestamp="20220421 12:16:27.719" level="INFO">Clicking button 'id=searchbtn'.</msg>
<status status="PASS" starttime="20220421 12:16:27.719" endtime="20220421 12:16:27.776"/>
</kw>
<status status="PASS" starttime="20220421 12:16:27.719" endtime="20220421 12:16:27.776"/>
</kw>
<status status="PASS" starttime="20220421 12:16:27.685" endtime="20220421 12:16:27.777"/>
</kw>
<kw name="Message should be displayed after no search result" library="search_result_feature">
<kw name="Wait until search result page is visible" library="search_result_page">
<kw name="Wait Until Element Is Visible" library="SeleniumLibrary">
<arg>${no_search_result_locator}</arg>
<doc>Waits until the element ``locator`` is visible.</doc>
<status status="PASS" starttime="20220421 12:16:27.777" endtime="20220421 12:16:28.004"/>
</kw>
<status status="PASS" starttime="20220421 12:16:27.777" endtime="20220421 12:16:28.004"/>
</kw>
<kw name="Result message is visible" library="search_result_page">
<kw name="Element Should Be Visible" library="SeleniumLibrary">
<arg>${no_search_result_locator}</arg>
<doc>Verifies that the element identified by ``locator`` is visible.</doc>
<msg timestamp="20220421 12:16:28.017" level="INFO">Element '//div[text()='No results found.']' is displayed.</msg>
<status status="PASS" starttime="20220421 12:16:28.005" endtime="20220421 12:16:28.017"/>
</kw>
<status status="PASS" starttime="20220421 12:16:28.004" endtime="20220421 12:16:28.017"/>
</kw>
<status status="PASS" starttime="20220421 12:16:27.777" endtime="20220421 12:16:28.018"/>
</kw>
<kw name="Search for a keyword" library="search_feature">
<arg>Shirt</arg>
<kw name="Input search keyword" library="search_page">
<arg>${search_keyword}</arg>
<kw name="Input Text" library="SeleniumLibrary">
<arg>${search_input_locator}</arg>
<arg>${search_keyword}</arg>
<doc>Types the given ``text`` into the text field identified by ``locator``.</doc>
<msg timestamp="20220421 12:16:28.019" level="INFO">Typing text 'Shirt' into text field 'id=keyword'.</msg>
<status status="PASS" starttime="20220421 12:16:28.018" endtime="20220421 12:16:28.058"/>
</kw>
<status status="PASS" starttime="20220421 12:16:28.018" endtime="20220421 12:16:28.058"/>
</kw>
<kw name="Click search button" library="search_page">
<kw name="Click Button" library="SeleniumLibrary">
<arg>${search_button_locator}</arg>
<doc>Clicks the button identified by ``locator``.</doc>
<msg timestamp="20220421 12:16:28.058" level="INFO">Clicking button 'id=searchbtn'.</msg>
<status status="PASS" starttime="20220421 12:16:28.058" endtime="20220421 12:16:28.115"/>
</kw>
<status status="PASS" starttime="20220421 12:16:28.058" endtime="20220421 12:16:28.115"/>
</kw>
<status status="PASS" starttime="20220421 12:16:28.018" endtime="20220421 12:16:28.116"/>
</kw>
<kw name="Verify product which matched a search result should be displayed" library="search_result_feature">
<arg>Shirt</arg>
<kw name="Display product list" library="search_result_page">
<kw name="Wait Until Element Is Visible" library="SeleniumLibrary">
<arg>${product_card_content_locator}</arg>
<doc>Waits until the element ``locator`` is visible.</doc>
<status status="PASS" starttime="20220421 12:16:28.116" endtime="20220421 12:16:28.335"/>
</kw>
<status status="PASS" starttime="20220421 12:16:28.116" endtime="20220421 12:16:28.335"/>
</kw>
<kw name="Verify matched product name to search keyword" library="search_result_page">
<arg>${expected_keyword}</arg>
<kw name="Element Should Contain" library="SeleniumLibrary">
<arg>${product_card_content_locator}</arg>
<arg>${expected_keyword}</arg>
<doc>Verifies that element ``locator`` contains text ``expected``.</doc>
<msg timestamp="20220421 12:16:28.344" level="INFO">Element 'xpath=//div[contains(@class,'card-content')]/p' contains text 'Shirt'.</msg>
<status status="PASS" starttime="20220421 12:16:28.336" endtime="20220421 12:16:28.344"/>
</kw>
<status status="PASS" starttime="20220421 12:16:28.336" endtime="20220421 12:16:28.344"/>
</kw>
<status status="PASS" starttime="20220421 12:16:28.116" endtime="20220421 12:16:28.344"/>
</kw>
<status status="PASS" starttime="20220421 12:16:22.643" endtime="20220421 12:16:28.345"/>
</test>
<status status="PASS" starttime="20220421 12:16:22.637" endtime="20220421 12:16:28.345"/>
</suite>
<status status="PASS" starttime="20220421 12:16:04.565" endtime="20220421 12:16:28.346"/>
</suite>
<statistics>
<total>
<stat pass="4" fail="0" skip="0">All Tests</stat>
</total>
<tag>
</tag>
<suite>
<stat pass="4" fail="0" skip="0" id="s1" name="Testcases">Testcases</stat>
<stat pass="2" fail="0" skip="0" id="s1-s1" name="Login">Testcases.Login</stat>
<stat pass="1" fail="0" skip="0" id="s1-s2" name="Product">Testcases.Product</stat>
<stat pass="1" fail="0" skip="0" id="s1-s3" name="Search">Testcases.Search</stat>
</suite>
</statistics>
<errors>
</errors>
</robot>
